{"level":"\u001b[32minfo\u001b[39m","message":"{\"method\":\"GET\",\"url\":\"/api/v1/student-complain/getallcomplaints?page=1\",\"status\":\"200\",\"responseTime\":\"511.109\"}","timestamp":"2025-03-15T03:57:22.246Z"}
{"level":"\u001b[32minfo\u001b[39m","message":"{\"method\":\"DELETE\",\"url\":\"/api/v1/student-complain/delete-complaint/67d401fc12fa0d5f85d77c81\",\"status\":\"401\",\"responseTime\":\"2.854\"}","timestamp":"2025-03-15T04:01:36.426Z"}
{"level":"\u001b[32minfo\u001b[39m","message":"{\"method\":\"DELETE\",\"url\":\"/api/v1/student-complain/delete-complaint/67d401fc12fa0d5f85d77c81\",\"status\":\"200\",\"responseTime\":\"318.529\"}","timestamp":"2025-03-15T04:02:54.032Z"}
{"level":"\u001b[32minfo\u001b[39m","message":"{\"method\":\"DELETE\",\"url\":\"/api/v1/student-complain/delete-complaint/67d401fc12fa0d5f85d77c81\",\"status\":\"500\",\"responseTime\":\"219.578\"}","timestamp":"2025-03-15T04:02:58.589Z"}
{"level":"\u001b[32minfo\u001b[39m","message":"{\"method\":\"GET\",\"url\":\"/api/v1/student-complain/getallcomplaints?page=1\",\"status\":\"200\",\"responseTime\":\"375.731\"}","timestamp":"2025-03-15T04:03:07.647Z"}
{"level":"\u001b[32minfo\u001b[39m","message":"{\"method\":\"DELETE\",\"url\":\"/api/v1/student-complain/delete-complaint/67d40232dabbae193f4d3baa\",\"status\":\"200\",\"responseTime\":\"272.003\"}","timestamp":"2025-03-15T04:03:32.235Z"}
{"level":"\u001b[32minfo\u001b[39m","message":"{\"method\":\"GET\",\"url\":\"/api/v1/student-complain/getallcomplaints?page=1\",\"status\":\"200\",\"responseTime\":\"374.884\"}","timestamp":"2025-03-15T04:03:45.316Z"}
{"level":"\u001b[32minfo\u001b[39m","message":"{\"method\":\"DELETE\",\"url\":\"/api/v1/student-complain/delete-complaint/67d402700bd43ea09323e357\",\"status\":\"200\",\"responseTime\":\"316.819\"}","timestamp":"2025-03-15T04:03:54.326Z"}
{"level":"\u001b[32minfo\u001b[39m","message":"{\"method\":\"GET\",\"url\":\"/api/v1/student-complain/getallcomplaints?page=1\",\"status\":\"200\",\"responseTime\":\"368.939\"}","timestamp":"2025-03-15T04:03:59.135Z"}
{"level":"\u001b[32minfo\u001b[39m","message":"{\"method\":\"GET\",\"url\":\"/api/v1/student/getallstudents\",\"status\":\"200\",\"responseTime\":\"386.495\"}","timestamp":"2025-03-15T04:07:29.781Z"}
{"level":"\u001b[32minfo\u001b[39m","message":"{\"method\":\"GET\",\"url\":\"/api/v1/principal/getallexams\",\"status\":\"200\",\"responseTime\":\"97.846\"}","timestamp":"2025-03-15T04:07:50.378Z"}
{"level":"\u001b[32minfo\u001b[39m","message":"{\"method\":\"POST\",\"url\":\"/api/v1/mark/add-mark\",\"status\":\"401\",\"responseTime\":\"37.624\"}","timestamp":"2025-03-15T04:09:56.680Z"}
{"level":"\u001b[32minfo\u001b[39m","message":"{\"method\":\"POST\",\"url\":\"/api/v1/principal/login\",\"status\":\"200\",\"responseTime\":\"197.741\"}","timestamp":"2025-03-15T04:10:15.766Z"}
{"level":"\u001b[32minfo\u001b[39m","message":"{\"method\":\"POST\",\"url\":\"/api/v1/mark/add-mark\",\"status\":\"500\",\"responseTime\":\"308.031\"}","timestamp":"2025-03-15T04:11:26.794Z"}
{"level":"\u001b[32minfo\u001b[39m","message":"{\"method\":\"POST\",\"url\":\"/api/v1/mark/add-mark\",\"status\":\"500\",\"responseTime\":\"316.745\"}","timestamp":"2025-03-15T04:17:51.889Z"}
{"level":"\u001b[32minfo\u001b[39m","message":"{\"method\":\"POST\",\"url\":\"/api/v1/mark/add-mark\",\"status\":\"500\",\"responseTime\":\"311.965\"}","timestamp":"2025-03-15T04:18:53.895Z"}
{"level":"\u001b[32minfo\u001b[39m","message":"{\"method\":\"GET\",\"url\":\"/api/v1/student/getstudentbyclassid/67adcc2db9b56ef6a16fc903\",\"status\":\"200\",\"responseTime\":\"207.965\"}","timestamp":"2025-03-15T04:19:48.113Z"}
{"level":"\u001b[32minfo\u001b[39m","message":"{\"method\":\"POST\",\"url\":\"/api/v1/mark/add-mark\",\"status\":\"201\",\"responseTime\":\"506.839\"}","timestamp":"2025-03-15T04:20:04.277Z"}
{"level":"\u001b[32minfo\u001b[39m","message":"{\"method\":\"POST\",\"url\":\"/api/v1/mark/add-mark\",\"status\":\"201\",\"responseTime\":\"468.482\"}","timestamp":"2025-03-15T04:20:27.582Z"}
{"level":"\u001b[32minfo\u001b[39m","message":"{\"method\":\"GET\",\"url\":\"/api/v1/mark/leaderboard?classId=67adcc2db9b56ef6a16fc903\",\"status\":\"200\",\"responseTime\":\"104.028\"}","timestamp":"2025-03-15T04:22:30.878Z"}
{"level":"\u001b[32minfo\u001b[39m","message":"{\"method\":\"GET\",\"url\":\"/api/v1/mark/leaderboard/67adcc2db9b56ef6a16fc903\",\"status\":\"200\",\"responseTime\":\"108.429\"}","timestamp":"2025-03-15T04:24:22.279Z"}
{"level":"\u001b[32minfo\u001b[39m","message":"{\"method\":\"GET\",\"url\":\"/api/v1/mark/leaderboard/67adcc2db9b56ef6a16fc903\",\"status\":\"200\",\"responseTime\":\"97.238\"}","timestamp":"2025-03-15T04:25:51.561Z"}
{"level":"\u001b[32minfo\u001b[39m","message":"{\"method\":\"GET\",\"url\":\"/api/v1/mark/leaderboard/67adcc2db9b56ef6a16fc903\",\"status\":\"500\",\"responseTime\":\"2.678\"}","timestamp":"2025-03-15T04:33:22.113Z"}
{"level":"\u001b[32minfo\u001b[39m","message":"{\"method\":\"GET\",\"url\":\"/api/v1/mark/leaderboard/67adcc2db9b56ef6a16fc903\",\"status\":\"500\",\"responseTime\":\"4.194\"}","timestamp":"2025-03-15T04:33:50.158Z"}
{"level":"\u001b[32minfo\u001b[39m","message":"{\"method\":\"GET\",\"url\":\"/api/v1/mark/leaderboard/67adcc2db9b56ef6a16fc903\",\"status\":\"200\",\"responseTime\":\"107.124\"}","timestamp":"2025-03-15T04:35:28.304Z"}
{"level":"\u001b[32minfo\u001b[39m","message":"{\"method\":\"PUT\",\"url\":\"/api/v1/student/:studentId\",\"status\":\"404\",\"responseTime\":\"52.996\"}","timestamp":"2025-03-15T05:00:42.654Z"}
{"level":"\u001b[32minfo\u001b[39m","message":"{\"method\":\"PUT\",\"url\":\"/api/v1/student/67b0bd11cae091026feb87b0\",\"status\":\"404\",\"responseTime\":\"3.147\"}","timestamp":"2025-03-15T05:00:58.711Z"}
{"level":"\u001b[32minfo\u001b[39m","message":"{\"method\":\"PUT\",\"url\":\"/api/v1/student/update-student/:studentId\",\"status\":\"500\",\"responseTime\":\"3.268\"}","timestamp":"2025-03-15T05:02:02.725Z"}
{"level":"\u001b[32minfo\u001b[39m","message":"{\"method\":\"PUT\",\"url\":\"/api/v1/student/update-student/:studentId\",\"status\":\"500\",\"responseTime\":\"15.325\"}","timestamp":"2025-03-15T05:02:23.731Z"}
{"level":"\u001b[32minfo\u001b[39m","message":"{\"method\":\"PUT\",\"url\":\"/api/v1/student/update-student/67b0bd11cae091026feb87b0\",\"status\":\"500\",\"responseTime\":\"245.121\"}","timestamp":"2025-03-15T05:02:44.822Z"}
{"level":"\u001b[32minfo\u001b[39m","message":"{\"method\":\"GET\",\"url\":\"/api/v1/teacher/all-teachers?page=1\",\"status\":\"200\",\"responseTime\":\"344.359\"}","timestamp":"2025-03-15T09:36:55.387Z"}
{"level":"\u001b[32minfo\u001b[39m","message":"{\"method\":\"POST\",\"url\":\"/api/v1/teacher/payment-records/\",\"status\":\"401\",\"responseTime\":\"58.031\"}","timestamp":"2025-03-15T09:39:42.191Z"}
{"level":"\u001b[32minfo\u001b[39m","message":"{\"method\":\"POST\",\"url\":\"/api/v1/principal/login\",\"status\":\"200\",\"responseTime\":\"338.213\"}","timestamp":"2025-03-15T09:39:50.709Z"}
{"level":"\u001b[32minfo\u001b[39m","message":"{\"method\":\"POST\",\"url\":\"/api/v1/teacher/payment-records/\",\"status\":\"201\",\"responseTime\":\"433.118\"}","timestamp":"2025-03-15T09:40:10.530Z"}
{"level":"\u001b[32minfo\u001b[39m","message":"{\"method\":\"GET\",\"url\":\"/api/v1/teacher/payment-records/teacher/67adc1a3b418576971136ae3\",\"status\":\"404\",\"responseTime\":\"7.578\"}","timestamp":"2025-03-15T09:41:13.961Z"}
{"level":"\u001b[32minfo\u001b[39m","message":"{\"method\":\"GET\",\"url\":\"/api/v1/teacher/payment-records/teacher/67adc1a3b418576971136ae3\",\"status\":\"401\",\"responseTime\":\"10.908\"}","timestamp":"2025-03-15T09:41:48.940Z"}
{"level":"\u001b[32minfo\u001b[39m","message":"{\"method\":\"GET\",\"url\":\"/api/v1/teacher/payment-records/teacher/67adc1a3b418576971136ae3\",\"status\":\"404\",\"responseTime\":\"175.846\"}","timestamp":"2025-03-15T09:41:57.493Z"}
{"level":"\u001b[32minfo\u001b[39m","message":"{\"method\":\"GET\",\"url\":\"/api/v1/teacher/payment-records/teacher/67adc1a3b418576971136ae3\",\"status\":\"404\",\"responseTime\":\"164.890\"}","timestamp":"2025-03-15T09:43:23.162Z"}
{"level":"\u001b[32minfo\u001b[39m","message":"{\"method\":\"GET\",\"url\":\"/api/v1/teacher/payment-records/teacher/67adc1a3b418576971136ae3\",\"status\":\"404\",\"responseTime\":\"162.759\"}","timestamp":"2025-03-15T09:45:09.427Z"}
{"level":"\u001b[32minfo\u001b[39m","message":"{\"method\":\"GET\",\"url\":\"/api/v1/teacher/payment-records/teacher/67adc1a3b418576971136ae3\",\"status\":\"404\",\"responseTime\":\"170.998\"}","timestamp":"2025-03-15T09:46:23.650Z"}
{"level":"\u001b[32minfo\u001b[39m","message":"{\"method\":\"GET\",\"url\":\"/api/v1/teacher/payment-records/teacher/67adc1a3b418576971136ae3\",\"status\":\"404\",\"responseTime\":\"123.016\"}","timestamp":"2025-03-15T09:46:59.749Z"}
{"level":"\u001b[32minfo\u001b[39m","message":"{\"method\":\"GET\",\"url\":\"/api/v1/teacher/payment-records/teacher/67adc1a3b418576971136ae3\",\"status\":\"404\",\"responseTime\":\"124.487\"}","timestamp":"2025-03-15T09:49:00.200Z"}
{"level":"\u001b[32minfo\u001b[39m","message":"{\"method\":\"GET\",\"url\":\"/api/v1/teacher/payment-records/teacher/67adc1a3b418576971136ae3\",\"status\":\"404\",\"responseTime\":\"184.672\"}","timestamp":"2025-03-15T09:50:04.925Z"}
{"level":"\u001b[32minfo\u001b[39m","message":"{\"method\":\"GET\",\"url\":\"/api/v1/teacher/payment-records/teacher/67adc1a3b418576971136ae3\",\"status\":\"404\",\"responseTime\":\"170.955\"}","timestamp":"2025-03-15T09:50:53.091Z"}
{"level":"\u001b[32minfo\u001b[39m","message":"{\"method\":\"GET\",\"url\":\"/api/v1/teacher/payment-records/teacher/67adc1a3b418576971136ae3\",\"status\":\"404\",\"responseTime\":\"141.031\"}","timestamp":"2025-03-15T09:51:39.612Z"}
{"level":"\u001b[32minfo\u001b[39m","message":"{\"method\":\"GET\",\"url\":\"/api/v1/teacher/getpaymentrecords/teacher/67adc1a3b418576971136ae3\",\"status\":\"404\",\"responseTime\":\"224.519\"}","timestamp":"2025-03-15T09:52:26.941Z"}
